<?xml version="1.0" encoding="UTF-8"?>
<!-- Generated by org.testng.reporters.JUnitReportReporter -->
<testsuite hostname="DESKTOP-M7577V9" failures="0" tests="1" name="Extent.ExtentReports.ExtentReportsDemo" time="2.782" errors="0" timestamp="2022-09-14T14:26:54 WEST" skipped="0">
  <testcase classname="Extent.ExtentReports.ExtentReportsDemo" name="initialDemo" time="2.782"/>
  <system-out/>
</testsuite> <!-- Extent.ExtentReports.ExtentReportsDemo -->
