<?xml version="1.0" encoding="UTF-8"?>
<!-- Generated by org.testng.reporters.JUnitReportReporter -->
<testsuite hostname="DESKTOP-M7577V9" failures="0" tests="1" name="Extent.ExtentReports.ExtentReports" time="1.915" errors="0" timestamp="2022-09-14T12:22:38 WEST" skipped="0">
  <testcase classname="Extent.ExtentReports.ExtentReports" name="initialDemo" time="1.915"/>
  <system-out/>
</testsuite> <!-- Extent.ExtentReports.ExtentReports -->
