<?xml version="1.0" encoding="UTF-8"?>
<!-- Generated by org.testng.reporters.JUnitReportReporter -->
<testsuite hostname="Arthur" failures="0" tests="1" name="cucumberOptions.TestRunner" time="9.443" errors="0" timestamp="2022-10-17T15:38:15 WEST" skipped="0">
  <testcase classname="cucumberOptions.TestRunner" name="runScenario" time="9.443"/>
  <system-out/>
</testsuite> <!-- cucumberOptions.TestRunner -->
