<?xml version="1.0" encoding="UTF-8"?>
<!-- Generated by org.testng.reporters.JUnitReportReporter -->
<testsuite hostname="Arthur" failures="0" tests="1" name="cucumberOptions.TestRunner" time="7.614" errors="0" timestamp="2022-10-13T23:29:47 WEST" skipped="0">
  <testcase classname="cucumberOptions.TestRunner" name="runScenario" time="7.614"/>
  <system-out/>
</testsuite> <!-- cucumberOptions.TestRunner -->
