<?xml version="1.0" encoding="UTF-8"?>
<!-- Generated by org.testng.reporters.JUnitReportReporter -->
<testsuite hostname="Arthur" failures="0" tests="1" name="cucumberOptions.TestRunner" time="0.180" errors="0" timestamp="2022-10-11T16:52:00 WEST" skipped="0">
  <testcase classname="cucumberOptions.TestRunner" name="runScenario" time="0.180"/>
  <system-out/>
</testsuite> <!-- cucumberOptions.TestRunner -->
