<?xml version="1.0" encoding="UTF-8"?>
<!-- Generated by org.testng.reporters.JUnitReportReporter -->
<testsuite hostname="DESKTOP-M7577V9" failures="0" tests="1" name="Data.DataReader" time="0.095" errors="0" timestamp="2022-09-13T15:10:31 WEST" skipped="0">
  <testcase classname="Data.DataReader" name="getJsonDataToMap" time="0.095"/>
  <system-out/>
</testsuite> <!-- Data.DataReader -->
