<?xml version="1.0" encoding="UTF-8"?>
<!-- Generated by org.testng.reporters.JUnitReportReporter -->
<testsuite hostname="Arthur" failures="0" tests="1" name="AA.SeleniumFrameworkDesign.tests.StandAloneTest" time="0.000" errors="0" timestamp="2022-09-15T15:43:41 WEST" skipped="1">
  <testcase classname="AA.SeleniumFrameworkDesign.tests.StandAloneTest" name="submitOrder" time="0.000">
    <skipped/>
  </testcase> <!-- submitOrder -->
  <system-out/>
</testsuite> <!-- AA.SeleniumFrameworkDesign.tests.StandAloneTest -->
