<?xml version="1.0" encoding="UTF-8"?>
<!-- Generated by org.testng.reporters.JUnitReportReporter -->
<testsuite hostname="Arthur" failures="0" tests="6" name="test.ThirdTestBlock" time="0.007" errors="0" timestamp="2022-09-05T15:15:12 WEST" skipped="0">
  <testcase classname="test.ThirdTestBlock" name="ugaTest" time="0.001"/>
  <system-out/>
  <testcase classname="test.ThirdTestBlock" name="kuka1" time="0.001"/>
  <system-out/>
  <testcase classname="test.ThirdTestBlock" name="ugaTest2" time="0.002"/>
  <system-out/>
  <testcase classname="test.ThirdTestBlock" name="kuka" time="0.001"/>
  <system-out/>
  <testcase classname="test.ThirdTestBlock" name="ugaTest3" time="0.001"/>
  <system-out/>
  <testcase classname="test.ThirdTestBlock" name="kuka2" time="0.001"/>
  <system-out/>
</testsuite> <!-- test.ThirdTestBlock -->
