<?xml version="1.0" encoding="UTF-8"?>
<!-- Generated by org.testng.reporters.JUnitReportReporter -->
<testsuite hostname="Arthur" failures="0" tests="1" name="test.ThirdTestBlock3" time="0.001" errors="0" timestamp="2022-09-05T12:07:30 WEST" skipped="0">
  <testcase classname="test.ThirdTestBlock3" name="ThirdTest" time="0.001"/>
  <system-out/>
</testsuite> <!-- test.ThirdTestBlock3 -->
