<?xml version="1.0" encoding="UTF-8"?>
<!-- Generated by org.testng.reporters.JUnitReportReporter -->
<testsuite hostname="DESKTOP-M7577V9" failures="0" tests="3" name="test.Day2" time="0.006" errors="0" timestamp="2022-09-06T14:42:34 WEST" skipped="0">
  <testcase classname="test.Day2" name="loginAfiliates" time="0.005"/>
  <system-out/>
  <testcase classname="test.Day2" name="loginClients" time="0.001"/>
  <system-out/>
  <testcase classname="test.Day2" name="loginWorkers" time="0.000"/>
  <system-out/>
</testsuite> <!-- test.Day2 -->
