<?xml version="1.0" encoding="UTF-8"?>
<!-- Generated by org.testng.reporters.JUnitReportReporter -->
<testsuite hostname="Arthur" failures="0" tests="1" name="test.FourthTestBlock" time="0.009" errors="0" timestamp="2022-09-05T15:20:29 WEST" skipped="0">
  <testcase classname="test.FourthTestBlock" name="firstTest" time="0.009"/>
  <system-out/>
</testsuite> <!-- test.FourthTestBlock -->
