<?xml version="1.0" encoding="UTF-8"?>
<!-- Generated by org.testng.reporters.JUnitReportReporter -->
<testsuite hostname="Arthur" failures="0" tests="2" name="test.FirstTestBlock" time="0.006" errors="0" timestamp="2022-09-05T15:15:12 WEST" skipped="0">
  <testcase classname="test.FirstTestBlock" name="firstTest" time="0.005"/>
  <system-out/>
  <testcase classname="test.FirstTestBlock" name="secondTest" time="0.001"/>
  <system-out/>
</testsuite> <!-- test.FirstTestBlock -->
