<?xml version="1.0" encoding="UTF-8"?>
<!-- Generated by org.testng.reporters.JUnitReportReporter -->
<testsuite hostname="Arthur" failures="0" tests="2" name="test.SecondTestBlock2" time="0.003" errors="0" timestamp="2022-09-05T12:07:30 WEST" skipped="0">
  <testcase classname="test.SecondTestBlock2" name="secoundTest" time="0.002"/>
  <system-out/>
  <testcase classname="test.SecondTestBlock2" name="firstTest" time="0.001"/>
  <system-out/>
</testsuite> <!-- test.SecondTestBlock2 -->
