<?xml version="1.0" encoding="UTF-8"?>
<!-- Generated by org.testng.reporters.JUnitReportReporter -->
<testsuite hostname="DESKTOP-M7577V9" failures="0" tests="2" name="test.Day3" time="0.003" errors="0" timestamp="2022-09-06T14:42:34 WEST" skipped="1">
  <testcase classname="test.Day3" name="DataClients" time="0.003"/>
  <system-out/>
  <testcase classname="test.Day3" name="DataWorkers">
    <skipped/>
  </testcase> <!-- DataWorkers -->
  <system-out/>
</testsuite> <!-- test.Day3 -->
