<?xml version="1.0" encoding="UTF-8"?>
<!-- Generated by org.testng.reporters.JUnitReportReporter -->
<testsuite hostname="Arthur" failures="0" tests="2" name="test.FirstTest" time="0.012" errors="0" timestamp="2022-09-05T11:44:19 WEST" skipped="0">
  <testcase classname="test.FirstTest" name="firstTest" time="0.010"/>
  <system-out/>
  <testcase classname="test.FirstTest" name="secoundTest" time="0.002"/>
  <system-out/>
</testsuite> <!-- test.FirstTest -->
